# JRE version: Java(TM) SE Runtime Environment (12.0+33) (build 12+33)
# Java VM: Java HotSpot(TM) 64-Bit Server VM (12+33, mixed mode, sharing, tiered, compressed oops, g1 gc, windows-amd64)
Heap:
 garbage-first heap   total 148480K, used 80158K [0x00000000c0000000, 0x0000000100000000)
  region size 1024K, 2 young (2048K), 2 survivors (2048K)
 Metaspace       used 73428K, capacity 75744K, committed 75904K, reserved 1124352K
  class space    used 9228K, capacity 10013K, committed 10112K, reserved 1048576K
GC Heap History (10 events):
Event: 5070.195 GC heap before
{Heap before GC invocations=65 (full 0):
 garbage-first heap   total 148480K, used 112407K [0x00000000c0000000, 0x0000000100000000)
  region size 1024K, 39 young (39936K), 1 survivors (1024K)
 Metaspace       used 73073K, capacity 75319K, committed 75648K, reserved 1114112K
  class space    used 9212K, capacity 9968K, committed 10112K, reserved 1048576K
}
Event: 5070.201 GC heap after
{Heap after GC invocations=66 (full 0):
 garbage-first heap   total 148480K, used 73539K [0x00000000c0000000, 0x0000000100000000)
  region size 1024K, 1 young (1024K), 1 survivors (1024K)
 Metaspace       used 73073K, capacity 75319K, committed 75648K, reserved 1114112K
  class space    used 9212K, capacity 9968K, committed 10112K, reserved 1048576K
}
Event: 5459.505 GC heap before
{Heap before GC invocations=67 (full 0):
 garbage-first heap   total 148480K, used 114499K [0x00000000c0000000, 0x0000000100000000)
  region size 1024K, 41 young (41984K), 1 survivors (1024K)
 Metaspace       used 73150K, capacity 75433K, committed 75904K, reserved 1116160K
  class space    used 9211K, capacity 9966K, committed 10112K, reserved 1048576K
}
Event: 5459.514 GC heap after
{Heap after GC invocations=68 (full 0):
 garbage-first heap   total 148480K, used 79318K [0x00000000c0000000, 0x0000000100000000)
  region size 1024K, 6 young (6144K), 6 survivors (6144K)
 Metaspace       used 73150K, capacity 75433K, committed 75904K, reserved 1116160K
  class space    used 9211K, capacity 9966K, committed 10112K, reserved 1048576K
}
Event: 5459.544 GC heap before
{Heap before GC invocations=68 (full 0):
 garbage-first heap   total 148480K, used 80342K [0x00000000c0000000, 0x0000000100000000)
  region size 1024K, 7 young (7168K), 6 survivors (6144K)
 Metaspace       used 73162K, capacity 75433K, committed 75904K, reserved 1116160K
  class space    used 9211K, capacity 9966K, committed 10112K, reserved 1048576K
}
Event: 5459.559 GC heap after
{Heap after GC invocations=69 (full 0):
 garbage-first heap   total 148480K, used 75350K [0x00000000c0000000, 0x0000000100000000)
  region size 1024K, 1 young (1024K), 1 survivors (1024K)
 Metaspace       used 73162K, capacity 75433K, committed 75904K, reserved 1116160K
  class space    used 9211K, capacity 9966K, committed 10112K, reserved 1048576K
}
Event: 5461.119 GC heap before
{Heap before GC invocations=69 (full 0):
 garbage-first heap   total 148480K, used 115286K [0x00000000c0000000, 0x0000000100000000)
  region size 1024K, 40 young (40960K), 1 survivors (1024K)
 Metaspace       used 73296K, capacity 75609K, committed 75904K, reserved 1116160K
  class space    used 9217K, capacity 9976K, committed 10112K, reserved 1048576K
}
Event: 5461.132 GC heap after
{Heap after GC invocations=70 (full 0):
 garbage-first heap   total 148480K, used 80896K [0x00000000c0000000, 0x0000000100000000)
  region size 1024K, 5 young (5120K), 5 survivors (5120K)
 Metaspace       used 73296K, capacity 75609K, committed 75904K, reserved 1116160K
  class space    used 9217K, capacity 9976K, committed 10112K, reserved 1048576K
}
Event: 5481.016 GC heap before
{Heap before GC invocations=71 (full 0):
 garbage-first heap   total 148480K, used 106496K [0x00000000c0000000, 0x0000000100000000)
  region size 1024K, 34 young (34816K), 5 survivors (5120K)
 Metaspace       used 73428K, capacity 75744K, committed 75904K, reserved 1122304K
  class space    used 9228K, capacity 10013K, committed 10112K, reserved 1048576K
}
Event: 5481.026 GC heap after
{Heap after GC invocations=72 (full 0):
 garbage-first heap   total 148480K, used 80158K [0x00000000c0000000, 0x0000000100000000)
  region size 1024K, 2 young (2048K), 2 survivors (2048K)
 Metaspace       used 73428K, capacity 75744K, committed 75904K, reserved 1122304K
  class space    used 9228K, capacity 10013K, committed 10112K, reserved 1048576K
}

